2022-08-11 10:19:40,745 INFO com.capgemini.managestaffservice.ManageStaffServiceApplication [main] Starting ManageStaffServiceApplication using Java 17.0.2 on Divyansh with PID 31792 (D:\Online Hotel Management System\manage-staff-service\target\classes started by Divyansh Singh in D:\Online Hotel Management System\manage-staff-service)
2022-08-11 10:19:40,794 INFO com.capgemini.managestaffservice.ManageStaffServiceApplication [main] No active profile set, falling back to 1 default profile: "default"
2022-08-11 10:19:58,727 INFO com.capgemini.managestaffservice.ManageStaffServiceApplication [main] Started ManageStaffServiceApplication in 19.57 seconds (JVM running for 23.402)
2022-08-11 10:25:30,930 INFO com.capgemini.managestaffservice.controller.StaffController [http-nio-8083-exec-1] report staff data has been accessed
2022-08-11 15:04:42,447 INFO com.capgemini.managestaffservice.ManageStaffServiceApplication [main] Starting ManageStaffServiceApplication using Java 17.0.2 on Divyansh with PID 2628 (D:\Online Hotel Management System\manage-staff-service\target\classes started by Divyansh Singh in D:\Online Hotel Management System\manage-staff-service)
2022-08-11 15:04:42,561 INFO com.capgemini.managestaffservice.ManageStaffServiceApplication [main] No active profile set, falling back to 1 default profile: "default"
2022-08-11 15:04:55,090 INFO com.capgemini.managestaffservice.ManageStaffServiceApplication [main] Started ManageStaffServiceApplication in 14.176 seconds (JVM running for 17.146)
2022-08-11 20:44:59,574 INFO com.capgemini.managestaffservice.ManageStaffServiceApplication [main] Starting ManageStaffServiceApplication using Java 17.0.2 on Divyansh with PID 3796 (D:\Online Hotel Management System\manage-staff-service\target\classes started by Divyansh Singh in D:\Online Hotel Management System\manage-staff-service)
2022-08-11 20:44:59,593 INFO com.capgemini.managestaffservice.ManageStaffServiceApplication [main] No active profile set, falling back to 1 default profile: "default"
2022-08-11 20:45:14,766 INFO com.capgemini.managestaffservice.ManageStaffServiceApplication [main] Started ManageStaffServiceApplication in 16.142 seconds (JVM running for 19.065)
2022-08-11 20:53:40,460 ERROR com.netflix.discovery.DiscoveryClient [RMI TCP Connection(18)-127.0.0.1] DiscoveryClient_MANAGE-STAFF-SERVICE/Divyansh:manage-staff-service:8083 - de-registration failedCannot execute request on any known server
com.netflix.discovery.shared.transport.TransportException: Cannot execute request on any known server
	at com.netflix.discovery.shared.transport.decorator.RetryableEurekaHttpClient.execute(RetryableEurekaHttpClient.java:112)
	at com.netflix.discovery.shared.transport.decorator.EurekaHttpClientDecorator.cancel(EurekaHttpClientDecorator.java:71)
	at com.netflix.discovery.shared.transport.decorator.EurekaHttpClientDecorator$2.execute(EurekaHttpClientDecorator.java:74)
	at com.netflix.discovery.shared.transport.decorator.SessionedEurekaHttpClient.execute(SessionedEurekaHttpClient.java:77)
	at com.netflix.discovery.shared.transport.decorator.EurekaHttpClientDecorator.cancel(EurekaHttpClientDecorator.java:71)
	at com.netflix.discovery.DiscoveryClient.unregister(DiscoveryClient.java:972)
	at com.netflix.discovery.DiscoveryClient.shutdown(DiscoveryClient.java:948)
	at java.base/jdk.internal.reflect.NativeMethodAccessorImpl.invoke0(Native Method)
	at java.base/jdk.internal.reflect.NativeMethodAccessorImpl.invoke(NativeMethodAccessorImpl.java:77)
	at java.base/jdk.internal.reflect.DelegatingMethodAccessorImpl.invoke(DelegatingMethodAccessorImpl.java:43)
	at java.base/java.lang.reflect.Method.invoke(Method.java:568)
	at org.springframework.beans.factory.annotation.InitDestroyAnnotationBeanPostProcessor$LifecycleElement.invoke(InitDestroyAnnotationBeanPostProcessor.java:389)
	at org.springframework.beans.factory.annotation.InitDestroyAnnotationBeanPostProcessor$LifecycleMetadata.invokeDestroyMethods(InitDestroyAnnotationBeanPostProcessor.java:347)
	at org.springframework.beans.factory.annotation.InitDestroyAnnotationBeanPostProcessor.postProcessBeforeDestruction(InitDestroyAnnotationBeanPostProcessor.java:177)
	at org.springframework.beans.factory.support.DisposableBeanAdapter.destroy(DisposableBeanAdapter.java:197)
	at org.springframework.beans.factory.support.DisposableBeanAdapter.run(DisposableBeanAdapter.java:190)
	at org.springframework.cloud.context.scope.GenericScope$BeanLifecycleWrapper.destroy(GenericScope.java:390)
	at org.springframework.cloud.context.scope.GenericScope.destroy(GenericScope.java:136)
	at org.springframework.beans.factory.support.DisposableBeanAdapter.destroy(DisposableBeanAdapter.java:213)
	at org.springframework.beans.factory.support.DefaultSingletonBeanRegistry.destroyBean(DefaultSingletonBeanRegistry.java:587)
	at org.springframework.beans.factory.support.DefaultSingletonBeanRegistry.destroySingleton(DefaultSingletonBeanRegistry.java:559)
	at org.springframework.beans.factory.support.DefaultListableBeanFactory.destroySingleton(DefaultListableBeanFactory.java:1163)
	at org.springframework.beans.factory.support.DefaultSingletonBeanRegistry.destroySingletons(DefaultSingletonBeanRegistry.java:520)
	at org.springframework.beans.factory.support.DefaultListableBeanFactory.destroySingletons(DefaultListableBeanFactory.java:1156)
	at org.springframework.context.support.AbstractApplicationContext.destroyBeans(AbstractApplicationContext.java:1106)
	at org.springframework.context.support.AbstractApplicationContext.doClose(AbstractApplicationContext.java:1075)
	at org.springframework.boot.web.servlet.context.ServletWebServerApplicationContext.doClose(ServletWebServerApplicationContext.java:174)
	at org.springframework.context.support.AbstractApplicationContext.close(AbstractApplicationContext.java:1021)
	at org.springframework.boot.admin.SpringApplicationAdminMXBeanRegistrar$SpringApplicationAdmin.shutdown(SpringApplicationAdminMXBeanRegistrar.java:160)
	at java.base/jdk.internal.reflect.NativeMethodAccessorImpl.invoke0(Native Method)
	at java.base/jdk.internal.reflect.NativeMethodAccessorImpl.invoke(NativeMethodAccessorImpl.java:77)
	at java.base/jdk.internal.reflect.DelegatingMethodAccessorImpl.invoke(DelegatingMethodAccessorImpl.java:43)
	at java.base/java.lang.reflect.Method.invoke(Method.java:568)
	at sun.reflect.misc.Trampoline.invoke(MethodUtil.java:72)
	at jdk.internal.reflect.GeneratedMethodAccessor108.invoke(Unknown Source)
	at java.base/jdk.internal.reflect.DelegatingMethodAccessorImpl.invoke(DelegatingMethodAccessorImpl.java:43)
	at java.base/java.lang.reflect.Method.invoke(Method.java:568)
	at java.base/sun.reflect.misc.MethodUtil.invoke(MethodUtil.java:262)
	at java.management/com.sun.jmx.mbeanserver.ConvertingMethod.invokeWithOpenReturn(ConvertingMethod.java:193)
	at java.management/com.sun.jmx.mbeanserver.ConvertingMethod.invokeWithOpenReturn(ConvertingMethod.java:175)
	at java.management/com.sun.jmx.mbeanserver.MXBeanIntrospector.invokeM2(MXBeanIntrospector.java:117)
	at java.management/com.sun.jmx.mbeanserver.MXBeanIntrospector.invokeM2(MXBeanIntrospector.java:54)
	at java.management/com.sun.jmx.mbeanserver.MBeanIntrospector.invokeM(MBeanIntrospector.java:237)
	at java.management/com.sun.jmx.mbeanserver.PerInterface.invoke(PerInterface.java:138)
	at java.management/com.sun.jmx.mbeanserver.MBeanSupport.invoke(MBeanSupport.java:252)
	at java.management/com.sun.jmx.interceptor.DefaultMBeanServerInterceptor.invoke(DefaultMBeanServerInterceptor.java:814)
	at java.management/com.sun.jmx.mbeanserver.JmxMBeanServer.invoke(JmxMBeanServer.java:802)
	at java.management.rmi/javax.management.remote.rmi.RMIConnectionImpl.doOperation(RMIConnectionImpl.java:1472)
	at java.management.rmi/javax.management.remote.rmi.RMIConnectionImpl$PrivilegedOperation.run(RMIConnectionImpl.java:1310)
	at java.management.rmi/javax.management.remote.rmi.RMIConnectionImpl.doPrivilegedOperation(RMIConnectionImpl.java:1405)
	at java.management.rmi/javax.management.remote.rmi.RMIConnectionImpl.invoke(RMIConnectionImpl.java:829)
	at java.base/jdk.internal.reflect.GeneratedMethodAccessor110.invoke(Unknown Source)
	at java.base/jdk.internal.reflect.DelegatingMethodAccessorImpl.invoke(DelegatingMethodAccessorImpl.java:43)
	at java.base/java.lang.reflect.Method.invoke(Method.java:568)
	at java.rmi/sun.rmi.server.UnicastServerRef.dispatch(UnicastServerRef.java:360)
	at java.rmi/sun.rmi.transport.Transport$1.run(Transport.java:200)
	at java.rmi/sun.rmi.transport.Transport$1.run(Transport.java:197)
	at java.base/java.security.AccessController.doPrivileged(AccessController.java:712)
	at java.rmi/sun.rmi.transport.Transport.serviceCall(Transport.java:196)
	at java.rmi/sun.rmi.transport.tcp.TCPTransport.handleMessages(TCPTransport.java:587)
	at java.rmi/sun.rmi.transport.tcp.TCPTransport$ConnectionHandler.run0(TCPTransport.java:828)
	at java.rmi/sun.rmi.transport.tcp.TCPTransport$ConnectionHandler.lambda$run$0(TCPTransport.java:705)
	at java.base/java.security.AccessController.doPrivileged(AccessController.java:399)
	at java.rmi/sun.rmi.transport.tcp.TCPTransport$ConnectionHandler.run(TCPTransport.java:704)
	at java.base/java.util.concurrent.ThreadPoolExecutor.runWorker(ThreadPoolExecutor.java:1136)
	at java.base/java.util.concurrent.ThreadPoolExecutor$Worker.run(ThreadPoolExecutor.java:635)
	at java.base/java.lang.Thread.run(Thread.java:833)
2022-08-11 23:53:18,306 INFO com.capgemini.managestaffservice.ManageStaffServiceApplication [main] Starting ManageStaffServiceApplication using Java 17.0.2 on Divyansh with PID 27708 (D:\Online Hotel Management System\manage-staff-service\target\classes started by Divyansh Singh in D:\Online Hotel Management System\manage-staff-service)
2022-08-11 23:53:18,328 INFO com.capgemini.managestaffservice.ManageStaffServiceApplication [main] No active profile set, falling back to 1 default profile: "default"
2022-08-11 23:53:28,159 INFO com.capgemini.managestaffservice.ManageStaffServiceApplication [main] Started ManageStaffServiceApplication in 10.654 seconds (JVM running for 11.927)
2022-08-11 23:53:37,668 INFO com.capgemini.managestaffservice.controller.StaffController [http-nio-8083-exec-2] report staff data has been accessed
2022-08-11 23:55:01,298 INFO com.capgemini.managestaffservice.controller.StaffController [http-nio-8083-exec-3] report staff data has been accessed
2022-08-11 23:56:21,521 INFO com.capgemini.managestaffservice.controller.StaffController [http-nio-8083-exec-5] report staff data has been accessed
2022-08-11 23:56:22,139 INFO com.capgemini.managestaffservice.controller.StaffController [http-nio-8083-exec-6] report staff data has been accessed
2022-08-11 23:56:24,648 INFO com.capgemini.managestaffservice.controller.StaffController [http-nio-8083-exec-7] report staff data has been accessed
