2022-08-05 00:09:40,909 INFO com.capgemini.manageuserservice.ManageUserServiceApplication [main] Starting ManageUserServiceApplication using Java 17.0.2 on Divyansh with PID 8736 (D:\Online Hotel Management System\manage-user-service\target\classes started by Divyansh Singh in D:\Online Hotel Management System\manage-user-service)
2022-08-05 00:09:40,934 INFO com.capgemini.manageuserservice.ManageUserServiceApplication [main] No active profile set, falling back to 1 default profile: "default"
2022-08-05 00:10:01,248 INFO com.capgemini.manageuserservice.ManageUserServiceApplication [main] Started ManageUserServiceApplication in 21.954 seconds (JVM running for 24.833)
2022-08-05 00:14:10,027 INFO com.capgemini.manageuserservice.ManageUserServiceApplication [main] Starting ManageUserServiceApplication using Java 17.0.2 on Divyansh with PID 10448 (D:\Online Hotel Management System\manage-user-service\target\classes started by Divyansh Singh in D:\Online Hotel Management System\manage-user-service)
2022-08-05 00:14:10,035 INFO com.capgemini.manageuserservice.ManageUserServiceApplication [main] No active profile set, falling back to 1 default profile: "default"
2022-08-05 00:14:32,980 INFO com.capgemini.manageuserservice.ManageUserServiceApplication [main] Started ManageUserServiceApplication in 24.628 seconds (JVM running for 27.804)
2022-08-05 00:14:43,510 INFO com.capgemini.manageuserservice.controller.UserController [http-nio-8089-exec-1] User HelloTest has been accessed
2022-08-05 00:18:00,466 INFO com.capgemini.manageuserservice.controller.UserController [http-nio-8089-exec-3] Add user has been accessed
2022-08-05 00:24:14,886 INFO com.capgemini.manageuserservice.ManageUserServiceApplication [main] Starting ManageUserServiceApplication using Java 17.0.2 on Divyansh with PID 27156 (D:\Online Hotel Management System\manage-user-service\target\classes started by Divyansh Singh in D:\Online Hotel Management System\manage-user-service)
2022-08-05 00:24:14,890 INFO com.capgemini.manageuserservice.ManageUserServiceApplication [main] No active profile set, falling back to 1 default profile: "default"
2022-08-05 00:24:36,310 INFO com.capgemini.manageuserservice.ManageUserServiceApplication [main] Started ManageUserServiceApplication in 23.526 seconds (JVM running for 26.567)
2022-08-05 00:25:07,397 INFO com.capgemini.manageuserservice.controller.UserController [http-nio-8089-exec-1] Add user has been accessed
2022-08-05 00:27:14,365 INFO com.capgemini.manageuserservice.controller.UserController [http-nio-8089-exec-3] Add user has been accessed
2022-08-05 00:29:35,430 INFO com.capgemini.manageuserservice.controller.UserController [http-nio-8089-exec-5] Add user has been accessed
2022-08-05 00:38:03,303 INFO com.capgemini.manageuserservice.ManageUserServiceApplication [main] Starting ManageUserServiceApplication using Java 17.0.2 on Divyansh with PID 26392 (D:\Online Hotel Management System\manage-user-service\target\classes started by Divyansh Singh in D:\Online Hotel Management System\manage-user-service)
2022-08-05 00:38:03,306 INFO com.capgemini.manageuserservice.ManageUserServiceApplication [main] No active profile set, falling back to 1 default profile: "default"
2022-08-05 00:38:13,504 INFO com.capgemini.manageuserservice.ManageUserServiceApplication [main] Started ManageUserServiceApplication in 10.952 seconds (JVM running for 12.393)
2022-08-05 00:45:10,639 INFO com.capgemini.manageuserservice.controller.UserController [http-nio-8089-exec-3] User HelloTest has been accessed
2022-08-05 00:51:36,556 INFO com.capgemini.manageuserservice.ManageUserServiceApplication [main] Starting ManageUserServiceApplication using Java 17.0.2 on Divyansh with PID 25488 (D:\Online Hotel Management System\manage-user-service\target\classes started by Divyansh Singh in D:\Online Hotel Management System\manage-user-service)
2022-08-05 00:51:36,559 INFO com.capgemini.manageuserservice.ManageUserServiceApplication [main] No active profile set, falling back to 1 default profile: "default"
2022-08-05 00:51:43,093 INFO com.capgemini.manageuserservice.ManageUserServiceApplication [main] Started ManageUserServiceApplication in 7.248 seconds (JVM running for 8.283)
2022-08-05 14:19:24,933 INFO com.capgemini.manageuserservice.ManageUserServiceApplicationTests [main] Starting ManageUserServiceApplicationTests using Java 17.0.2 on Divyansh with PID 14776 (started by Divyansh Singh in D:\Online Hotel Management System\manage-user-service)
2022-08-05 14:19:24,970 INFO com.capgemini.manageuserservice.ManageUserServiceApplicationTests [main] No active profile set, falling back to 1 default profile: "default"
2022-08-05 14:19:34,287 INFO com.capgemini.manageuserservice.ManageUserServiceApplicationTests [main] Started ManageUserServiceApplicationTests in 10.162 seconds (JVM running for 12.831)
2022-08-05 14:19:49,768 INFO com.capgemini.manageuserservice.ManageUserServiceApplication [main] Starting ManageUserServiceApplication using Java 17.0.2 on Divyansh with PID 30120 (D:\Online Hotel Management System\manage-user-service\target\classes started by Divyansh Singh in D:\Online Hotel Management System\manage-user-service)
2022-08-05 14:19:49,771 INFO com.capgemini.manageuserservice.ManageUserServiceApplication [main] No active profile set, falling back to 1 default profile: "default"
2022-08-05 14:19:55,946 INFO com.capgemini.manageuserservice.ManageUserServiceApplication [main] Started ManageUserServiceApplication in 6.777 seconds (JVM running for 7.835)
2022-08-05 15:41:00,310 INFO com.capgemini.manageuserservice.controller.UserController [http-nio-8089-exec-6] User HelloTest has been accessed
2022-08-05 17:59:39,283 ERROR com.netflix.discovery.DiscoveryClient [DiscoveryClient-HeartbeatExecutor-0] DiscoveryClient_MANAGE-USER-SERVICE/Divyansh:manage-user-service:8089 - was unable to send heartbeat!
com.netflix.discovery.shared.transport.TransportException: Cannot execute request on any known server
	at com.netflix.discovery.shared.transport.decorator.RetryableEurekaHttpClient.execute(RetryableEurekaHttpClient.java:112)
	at com.netflix.discovery.shared.transport.decorator.EurekaHttpClientDecorator.sendHeartBeat(EurekaHttpClientDecorator.java:89)
	at com.netflix.discovery.shared.transport.decorator.EurekaHttpClientDecorator$3.execute(EurekaHttpClientDecorator.java:92)
	at com.netflix.discovery.shared.transport.decorator.SessionedEurekaHttpClient.execute(SessionedEurekaHttpClient.java:77)
	at com.netflix.discovery.shared.transport.decorator.EurekaHttpClientDecorator.sendHeartBeat(EurekaHttpClientDecorator.java:89)
	at com.netflix.discovery.DiscoveryClient.renew(DiscoveryClient.java:893)
	at com.netflix.discovery.DiscoveryClient$HeartbeatThread.run(DiscoveryClient.java:1457)
	at java.base/java.util.concurrent.Executors$RunnableAdapter.call(Executors.java:539)
	at java.base/java.util.concurrent.FutureTask.run(FutureTask.java:264)
	at java.base/java.util.concurrent.ThreadPoolExecutor.runWorker(ThreadPoolExecutor.java:1136)
	at java.base/java.util.concurrent.ThreadPoolExecutor$Worker.run(ThreadPoolExecutor.java:635)
	at java.base/java.lang.Thread.run(Thread.java:833)
2022-08-05 17:59:56,122 ERROR com.netflix.discovery.DiscoveryClient [RMI TCP Connection(225)-127.0.0.1] DiscoveryClient_MANAGE-USER-SERVICE/Divyansh:manage-user-service:8089 - de-registration failedCannot execute request on any known server
com.netflix.discovery.shared.transport.TransportException: Cannot execute request on any known server
	at com.netflix.discovery.shared.transport.decorator.RetryableEurekaHttpClient.execute(RetryableEurekaHttpClient.java:112)
	at com.netflix.discovery.shared.transport.decorator.EurekaHttpClientDecorator.cancel(EurekaHttpClientDecorator.java:71)
	at com.netflix.discovery.shared.transport.decorator.EurekaHttpClientDecorator$2.execute(EurekaHttpClientDecorator.java:74)
	at com.netflix.discovery.shared.transport.decorator.SessionedEurekaHttpClient.execute(SessionedEurekaHttpClient.java:77)
	at com.netflix.discovery.shared.transport.decorator.EurekaHttpClientDecorator.cancel(EurekaHttpClientDecorator.java:71)
	at com.netflix.discovery.DiscoveryClient.unregister(DiscoveryClient.java:972)
	at com.netflix.discovery.DiscoveryClient.shutdown(DiscoveryClient.java:948)
	at java.base/jdk.internal.reflect.NativeMethodAccessorImpl.invoke0(Native Method)
	at java.base/jdk.internal.reflect.NativeMethodAccessorImpl.invoke(NativeMethodAccessorImpl.java:77)
	at java.base/jdk.internal.reflect.DelegatingMethodAccessorImpl.invoke(DelegatingMethodAccessorImpl.java:43)
	at java.base/java.lang.reflect.Method.invoke(Method.java:568)
	at org.springframework.beans.factory.annotation.InitDestroyAnnotationBeanPostProcessor$LifecycleElement.invoke(InitDestroyAnnotationBeanPostProcessor.java:389)
	at org.springframework.beans.factory.annotation.InitDestroyAnnotationBeanPostProcessor$LifecycleMetadata.invokeDestroyMethods(InitDestroyAnnotationBeanPostProcessor.java:347)
	at org.springframework.beans.factory.annotation.InitDestroyAnnotationBeanPostProcessor.postProcessBeforeDestruction(InitDestroyAnnotationBeanPostProcessor.java:177)
	at org.springframework.beans.factory.support.DisposableBeanAdapter.destroy(DisposableBeanAdapter.java:197)
	at org.springframework.beans.factory.support.DisposableBeanAdapter.run(DisposableBeanAdapter.java:190)
	at org.springframework.cloud.context.scope.GenericScope$BeanLifecycleWrapper.destroy(GenericScope.java:390)
	at org.springframework.cloud.context.scope.GenericScope.destroy(GenericScope.java:136)
	at org.springframework.beans.factory.support.DisposableBeanAdapter.destroy(DisposableBeanAdapter.java:213)
	at org.springframework.beans.factory.support.DefaultSingletonBeanRegistry.destroyBean(DefaultSingletonBeanRegistry.java:587)
	at org.springframework.beans.factory.support.DefaultSingletonBeanRegistry.destroySingleton(DefaultSingletonBeanRegistry.java:559)
	at org.springframework.beans.factory.support.DefaultListableBeanFactory.destroySingleton(DefaultListableBeanFactory.java:1163)
	at org.springframework.beans.factory.support.DefaultSingletonBeanRegistry.destroySingletons(DefaultSingletonBeanRegistry.java:520)
	at org.springframework.beans.factory.support.DefaultListableBeanFactory.destroySingletons(DefaultListableBeanFactory.java:1156)
	at org.springframework.context.support.AbstractApplicationContext.destroyBeans(AbstractApplicationContext.java:1106)
	at org.springframework.context.support.AbstractApplicationContext.doClose(AbstractApplicationContext.java:1075)
	at org.springframework.boot.web.servlet.context.ServletWebServerApplicationContext.doClose(ServletWebServerApplicationContext.java:174)
	at org.springframework.context.support.AbstractApplicationContext.close(AbstractApplicationContext.java:1021)
	at org.springframework.boot.admin.SpringApplicationAdminMXBeanRegistrar$SpringApplicationAdmin.shutdown(SpringApplicationAdminMXBeanRegistrar.java:160)
	at java.base/jdk.internal.reflect.NativeMethodAccessorImpl.invoke0(Native Method)
	at java.base/jdk.internal.reflect.NativeMethodAccessorImpl.invoke(NativeMethodAccessorImpl.java:77)
	at java.base/jdk.internal.reflect.DelegatingMethodAccessorImpl.invoke(DelegatingMethodAccessorImpl.java:43)
	at java.base/java.lang.reflect.Method.invoke(Method.java:568)
	at sun.reflect.misc.Trampoline.invoke(MethodUtil.java:72)
	at java.base/jdk.internal.reflect.NativeMethodAccessorImpl.invoke0(Native Method)
	at java.base/jdk.internal.reflect.NativeMethodAccessorImpl.invoke(NativeMethodAccessorImpl.java:77)
	at java.base/jdk.internal.reflect.DelegatingMethodAccessorImpl.invoke(DelegatingMethodAccessorImpl.java:43)
	at java.base/java.lang.reflect.Method.invoke(Method.java:568)
	at java.base/sun.reflect.misc.MethodUtil.invoke(MethodUtil.java:262)
	at java.management/com.sun.jmx.mbeanserver.ConvertingMethod.invokeWithOpenReturn(ConvertingMethod.java:193)
	at java.management/com.sun.jmx.mbeanserver.ConvertingMethod.invokeWithOpenReturn(ConvertingMethod.java:175)
	at java.management/com.sun.jmx.mbeanserver.MXBeanIntrospector.invokeM2(MXBeanIntrospector.java:117)
	at java.management/com.sun.jmx.mbeanserver.MXBeanIntrospector.invokeM2(MXBeanIntrospector.java:54)
	at java.management/com.sun.jmx.mbeanserver.MBeanIntrospector.invokeM(MBeanIntrospector.java:237)
	at java.management/com.sun.jmx.mbeanserver.PerInterface.invoke(PerInterface.java:138)
	at java.management/com.sun.jmx.mbeanserver.MBeanSupport.invoke(MBeanSupport.java:252)
	at java.management/com.sun.jmx.interceptor.DefaultMBeanServerInterceptor.invoke(DefaultMBeanServerInterceptor.java:814)
	at java.management/com.sun.jmx.mbeanserver.JmxMBeanServer.invoke(JmxMBeanServer.java:802)
	at java.management.rmi/javax.management.remote.rmi.RMIConnectionImpl.doOperation(RMIConnectionImpl.java:1472)
	at java.management.rmi/javax.management.remote.rmi.RMIConnectionImpl$PrivilegedOperation.run(RMIConnectionImpl.java:1310)
	at java.management.rmi/javax.management.remote.rmi.RMIConnectionImpl.doPrivilegedOperation(RMIConnectionImpl.java:1405)
	at java.management.rmi/javax.management.remote.rmi.RMIConnectionImpl.invoke(RMIConnectionImpl.java:829)
	at java.base/jdk.internal.reflect.NativeMethodAccessorImpl.invoke0(Native Method)
	at java.base/jdk.internal.reflect.NativeMethodAccessorImpl.invoke(NativeMethodAccessorImpl.java:77)
	at java.base/jdk.internal.reflect.DelegatingMethodAccessorImpl.invoke(DelegatingMethodAccessorImpl.java:43)
	at java.base/java.lang.reflect.Method.invoke(Method.java:568)
	at java.rmi/sun.rmi.server.UnicastServerRef.dispatch(UnicastServerRef.java:360)
	at java.rmi/sun.rmi.transport.Transport$1.run(Transport.java:200)
	at java.rmi/sun.rmi.transport.Transport$1.run(Transport.java:197)
	at java.base/java.security.AccessController.doPrivileged(AccessController.java:712)
	at java.rmi/sun.rmi.transport.Transport.serviceCall(Transport.java:196)
	at java.rmi/sun.rmi.transport.tcp.TCPTransport.handleMessages(TCPTransport.java:587)
	at java.rmi/sun.rmi.transport.tcp.TCPTransport$ConnectionHandler.run0(TCPTransport.java:828)
	at java.rmi/sun.rmi.transport.tcp.TCPTransport$ConnectionHandler.lambda$run$0(TCPTransport.java:705)
	at java.base/java.security.AccessController.doPrivileged(AccessController.java:399)
	at java.rmi/sun.rmi.transport.tcp.TCPTransport$ConnectionHandler.run(TCPTransport.java:704)
	at java.base/java.util.concurrent.ThreadPoolExecutor.runWorker(ThreadPoolExecutor.java:1136)
	at java.base/java.util.concurrent.ThreadPoolExecutor$Worker.run(ThreadPoolExecutor.java:635)
	at java.base/java.lang.Thread.run(Thread.java:833)
2022-08-05 18:14:39,224 INFO com.capgemini.manageuserservice.ManageUserServiceApplication [main] Starting ManageUserServiceApplication using Java 17.0.2 on Divyansh with PID 30316 (D:\Online Hotel Management System\manage-user-service\target\classes started by Divyansh Singh in D:\Online Hotel Management System\manage-user-service)
2022-08-05 18:14:39,231 INFO com.capgemini.manageuserservice.ManageUserServiceApplication [main] No active profile set, falling back to 1 default profile: "default"
2022-08-05 18:14:50,525 INFO com.capgemini.manageuserservice.ManageUserServiceApplication [main] Started ManageUserServiceApplication in 12.733 seconds (JVM running for 14.919)
2022-08-05 20:55:43,617 INFO com.capgemini.manageuserservice.ManageUserServiceApplication [main] Starting ManageUserServiceApplication using Java 17.0.2 on Divyansh with PID 10676 (D:\Online Hotel Management System\manage-user-service\target\classes started by Divyansh Singh in D:\Online Hotel Management System\manage-user-service)
2022-08-05 20:55:43,628 INFO com.capgemini.manageuserservice.ManageUserServiceApplication [main] No active profile set, falling back to 1 default profile: "default"
2022-08-05 20:56:05,070 INFO com.capgemini.manageuserservice.ManageUserServiceApplication [main] Started ManageUserServiceApplication in 23.847 seconds (JVM running for 35.15)
2022-08-05 23:38:35,147 INFO com.capgemini.manageuserservice.ManageUserServiceApplication [main] Starting ManageUserServiceApplication using Java 17.0.2 on Divyansh with PID 31892 (D:\Online Hotel Management System\manage-user-service\target\classes started by Divyansh Singh in D:\Online Hotel Management System\manage-user-service)
2022-08-05 23:38:35,150 INFO com.capgemini.manageuserservice.ManageUserServiceApplication [main] No active profile set, falling back to 1 default profile: "default"
2022-08-05 23:38:42,348 INFO com.capgemini.manageuserservice.ManageUserServiceApplication [main] Started ManageUserServiceApplication in 7.829 seconds (JVM running for 8.93)
