2022-08-16 22:31:28,869 INFO com.capgemini.managedepartmentservice.ManageDepartmentServiceApplication [main] Starting ManageDepartmentServiceApplication using Java 17.0.2 on Divyansh with PID 16352 (D:\Online Hotel Management System\manage-department-service\target\classes started by Divyansh Singh in D:\Online Hotel Management System\manage-department-service)
2022-08-16 22:31:28,891 INFO com.capgemini.managedepartmentservice.ManageDepartmentServiceApplication [main] No active profile set, falling back to 1 default profile: "default"
2022-08-16 22:31:53,672 INFO com.capgemini.managedepartmentservice.ManageDepartmentServiceApplication [main] Started ManageDepartmentServiceApplication in 26.558 seconds (JVM running for 31.243)
2022-08-16 22:32:50,154 INFO com.capgemini.managedepartmentservice.controller.DepartmentController [http-nio-8081-exec-1] view all department has been accessed
2022-08-16 22:33:25,137 INFO com.capgemini.managedepartmentservice.controller.DepartmentController [http-nio-8081-exec-2] view all department has been accessed
2022-08-16 22:33:38,037 INFO com.capgemini.managedepartmentservice.controller.DepartmentController [http-nio-8081-exec-3] view all department has been accessed
2022-08-16 22:35:58,015 INFO com.capgemini.managedepartmentservice.controller.DepartmentController [http-nio-8081-exec-5] view all department has been accessed
2022-08-16 22:37:24,910 INFO com.capgemini.managedepartmentservice.controller.DepartmentController [http-nio-8081-exec-7] view all department has been accessed
2022-08-16 22:39:34,457 INFO com.capgemini.managedepartmentservice.controller.DepartmentController [http-nio-8081-exec-9] view all department has been accessed
2022-08-16 22:39:41,706 INFO com.capgemini.managedepartmentservice.controller.DepartmentController [http-nio-8081-exec-10] view all department has been accessed
2022-08-16 22:39:46,072 INFO com.capgemini.managedepartmentservice.controller.DepartmentController [http-nio-8081-exec-1] view all department has been accessed
2022-08-16 22:43:44,016 INFO com.capgemini.managedepartmentservice.controller.DepartmentController [http-nio-8081-exec-3] view all department has been accessed
2022-08-16 22:44:53,905 INFO com.capgemini.managedepartmentservice.controller.DepartmentController [http-nio-8081-exec-5] view all department has been accessed
2022-08-16 22:45:25,067 INFO com.capgemini.managedepartmentservice.controller.DepartmentController [http-nio-8081-exec-6] view department by name has been accessed
2022-08-16 22:46:13,008 INFO com.capgemini.managedepartmentservice.controller.DepartmentController [http-nio-8081-exec-7] view department by name has been accessed
2022-08-16 22:47:19,286 INFO com.capgemini.managedepartmentservice.controller.DepartmentController [http-nio-8081-exec-9] view department by name has been accessed
2022-08-16 22:47:29,862 INFO com.capgemini.managedepartmentservice.controller.DepartmentController [http-nio-8081-exec-10] view department by name has been accessed
2022-08-16 22:48:17,262 INFO com.capgemini.managedepartmentservice.controller.DepartmentController [http-nio-8081-exec-1] view department by name has been accessed
2022-08-16 22:48:30,480 INFO com.capgemini.managedepartmentservice.controller.DepartmentController [http-nio-8081-exec-2] view all department has been accessed
2022-08-16 22:48:36,695 INFO com.capgemini.managedepartmentservice.controller.DepartmentController [http-nio-8081-exec-3] view all department has been accessed
2022-08-16 22:48:59,535 INFO com.capgemini.managedepartmentservice.controller.DepartmentController [http-nio-8081-exec-4] view all department has been accessed
2022-08-16 22:49:03,592 INFO com.capgemini.managedepartmentservice.controller.DepartmentController [http-nio-8081-exec-5] view all department has been accessed
2022-08-16 22:49:05,825 INFO com.capgemini.managedepartmentservice.controller.DepartmentController [http-nio-8081-exec-6] view all department has been accessed
2022-08-16 22:49:35,203 INFO com.capgemini.managedepartmentservice.controller.DepartmentController [http-nio-8081-exec-7] view all department has been accessed
2022-08-16 22:49:42,013 INFO com.capgemini.managedepartmentservice.controller.DepartmentController [http-nio-8081-exec-8] view all department has been accessed
2022-08-16 22:49:51,399 INFO com.capgemini.managedepartmentservice.controller.DepartmentController [http-nio-8081-exec-9] view all department has been accessed
2022-08-16 22:51:00,770 INFO com.capgemini.managedepartmentservice.controller.DepartmentController [http-nio-8081-exec-1] view all department has been accessed
2022-08-16 22:51:04,569 INFO com.capgemini.managedepartmentservice.controller.DepartmentController [http-nio-8081-exec-2] view all department has been accessed
2022-08-16 22:51:31,968 INFO com.capgemini.managedepartmentservice.controller.DepartmentController [http-nio-8081-exec-3] view all department has been accessed
2022-08-16 22:51:35,835 INFO com.capgemini.managedepartmentservice.controller.DepartmentController [http-nio-8081-exec-4] view all department has been accessed
2022-08-16 22:51:52,163 INFO com.capgemini.managedepartmentservice.controller.DepartmentController [http-nio-8081-exec-5] view all department has been accessed
2022-08-16 22:51:54,980 INFO com.capgemini.managedepartmentservice.controller.DepartmentController [http-nio-8081-exec-6] view all department has been accessed
2022-08-16 22:51:56,756 INFO com.capgemini.managedepartmentservice.controller.DepartmentController [http-nio-8081-exec-7] view all department has been accessed
2022-08-16 22:52:01,868 INFO com.capgemini.managedepartmentservice.controller.DepartmentController [http-nio-8081-exec-8] view all department has been accessed
2022-08-16 22:52:25,068 INFO com.capgemini.managedepartmentservice.controller.DepartmentController [http-nio-8081-exec-9] view all department has been accessed
2022-08-16 22:52:31,946 INFO com.capgemini.managedepartmentservice.controller.DepartmentController [http-nio-8081-exec-10] view department by name has been accessed
2022-08-16 22:52:46,940 INFO com.capgemini.managedepartmentservice.controller.DepartmentController [http-nio-8081-exec-1] view department by name has been accessed
2022-08-16 22:53:05,118 INFO com.capgemini.managedepartmentservice.controller.DepartmentController [http-nio-8081-exec-2] view department by name has been accessed
2022-08-16 22:53:08,738 INFO com.capgemini.managedepartmentservice.controller.DepartmentController [http-nio-8081-exec-3] view department by name has been accessed
2022-08-16 22:53:25,005 INFO com.capgemini.managedepartmentservice.controller.DepartmentController [http-nio-8081-exec-4] view department by name has been accessed
2022-08-16 22:53:27,849 INFO com.capgemini.managedepartmentservice.controller.DepartmentController [http-nio-8081-exec-5] view department by name has been accessed
2022-08-16 22:53:50,029 INFO com.capgemini.managedepartmentservice.controller.DepartmentController [http-nio-8081-exec-6] view department by name has been accessed
2022-08-16 22:55:16,535 INFO com.capgemini.managedepartmentservice.controller.DepartmentController [http-nio-8081-exec-8] view department by name has been accessed
2022-08-16 22:55:21,142 INFO com.capgemini.managedepartmentservice.controller.DepartmentController [http-nio-8081-exec-9] view department by name has been accessed
2022-08-16 22:55:38,233 INFO com.capgemini.managedepartmentservice.controller.DepartmentController [http-nio-8081-exec-10] view department by name has been accessed
2022-08-16 22:56:15,786 INFO com.capgemini.managedepartmentservice.controller.DepartmentController [http-nio-8081-exec-1] view department by name has been accessed
2022-08-16 22:58:21,845 INFO com.capgemini.managedepartmentservice.controller.DepartmentController [http-nio-8081-exec-3] view department by name has been accessed
2022-08-16 22:59:01,120 INFO com.capgemini.managedepartmentservice.controller.DepartmentController [http-nio-8081-exec-4] view department by name has been accessed
2022-08-16 22:59:57,238 INFO com.capgemini.managedepartmentservice.controller.DepartmentController [http-nio-8081-exec-5] view department by name has been accessed
2022-08-16 22:59:59,624 INFO com.capgemini.managedepartmentservice.controller.DepartmentController [http-nio-8081-exec-6] view all department has been accessed
2022-08-16 23:00:25,200 INFO com.capgemini.managedepartmentservice.controller.DepartmentController [http-nio-8081-exec-7] view all department has been accessed
2022-08-16 23:03:31,784 INFO com.capgemini.managedepartmentservice.controller.DepartmentController [http-nio-8081-exec-9] view department by name has been accessed
2022-08-16 23:03:36,582 INFO com.capgemini.managedepartmentservice.controller.DepartmentController [http-nio-8081-exec-10] view department by name has been accessed
2022-08-16 23:03:50,827 INFO com.capgemini.managedepartmentservice.controller.DepartmentController [http-nio-8081-exec-1] view department by name has been accessed
2022-08-16 23:04:54,443 INFO com.capgemini.managedepartmentservice.controller.DepartmentController [http-nio-8081-exec-3] send rabbitmq notification has been accessed
2022-08-16 23:06:26,443 INFO com.capgemini.managedepartmentservice.controller.DepartmentController [http-nio-8081-exec-5] send rabbitmq notification has been accessed
2022-08-16 23:06:49,721 INFO com.capgemini.managedepartmentservice.controller.DepartmentController [http-nio-8081-exec-6] send rabbitmq notification has been accessed
2022-08-16 23:08:10,590 INFO com.capgemini.managedepartmentservice.controller.DepartmentController [http-nio-8081-exec-8] send rabbitmq notification has been accessed
2022-08-16 23:08:14,222 INFO com.capgemini.managedepartmentservice.controller.DepartmentController [http-nio-8081-exec-9] send rabbitmq notification has been accessed
2022-08-16 23:08:23,212 INFO com.capgemini.managedepartmentservice.controller.DepartmentController [http-nio-8081-exec-10] send rabbitmq notification has been accessed
2022-08-16 23:08:27,093 INFO com.capgemini.managedepartmentservice.controller.DepartmentController [http-nio-8081-exec-1] send rabbitmq notification has been accessed
2022-08-16 23:09:11,428 INFO com.capgemini.managedepartmentservice.controller.DepartmentController [http-nio-8081-exec-2] send rabbitmq notification has been accessed
2022-08-16 23:09:50,411 INFO com.capgemini.managedepartmentservice.controller.DepartmentController [http-nio-8081-exec-3] send rabbitmq notification has been accessed
2022-08-16 23:10:46,048 INFO com.capgemini.managedepartmentservice.controller.DepartmentController [http-nio-8081-exec-4] send rabbitmq notification has been accessed
2022-08-16 23:11:04,594 INFO com.capgemini.managedepartmentservice.controller.DepartmentController [http-nio-8081-exec-5] send rabbitmq notification has been accessed
2022-08-16 23:14:28,489 INFO com.capgemini.managedepartmentservice.controller.DepartmentController [http-nio-8081-exec-7] send rabbitmq notification has been accessed
2022-08-16 23:15:48,252 INFO com.capgemini.managedepartmentservice.controller.DepartmentController [http-nio-8081-exec-9] send rabbitmq notification has been accessed
2022-08-16 23:15:56,768 INFO com.capgemini.managedepartmentservice.controller.DepartmentController [http-nio-8081-exec-10] send rabbitmq notification has been accessed
2022-08-16 23:17:03,563 INFO com.capgemini.managedepartmentservice.controller.DepartmentController [http-nio-8081-exec-2] send rabbitmq notification has been accessed
2022-08-16 23:17:22,155 INFO com.capgemini.managedepartmentservice.controller.DepartmentController [http-nio-8081-exec-3] send rabbitmq notification has been accessed
2022-08-16 23:17:36,710 INFO com.capgemini.managedepartmentservice.controller.DepartmentController [http-nio-8081-exec-4] send rabbitmq notification has been accessed
2022-08-16 23:17:51,533 INFO com.capgemini.managedepartmentservice.controller.DepartmentController [http-nio-8081-exec-5] send rabbitmq notification has been accessed
2022-08-16 23:19:17,004 INFO com.capgemini.managedepartmentservice.controller.DepartmentController [http-nio-8081-exec-7] send rabbitmq notification has been accessed
2022-08-16 23:20:52,209 INFO com.capgemini.managedepartmentservice.controller.DepartmentController [http-nio-8081-exec-9] view all department has been accessed
2022-08-16 23:20:58,579 INFO com.capgemini.managedepartmentservice.controller.DepartmentController [http-nio-8081-exec-10] view department by name has been accessed
2022-08-16 23:21:01,500 INFO com.capgemini.managedepartmentservice.controller.DepartmentController [http-nio-8081-exec-1] view department by name has been accessed
2022-08-16 23:23:05,307 INFO com.capgemini.managedepartmentservice.controller.DepartmentController [http-nio-8081-exec-3] view department by name has been accessed
2022-08-16 23:23:10,121 INFO com.capgemini.managedepartmentservice.controller.DepartmentController [http-nio-8081-exec-4] view department by name has been accessed
2022-08-16 23:23:15,433 INFO com.capgemini.managedepartmentservice.controller.DepartmentController [http-nio-8081-exec-5] view all department has been accessed
2022-08-16 23:23:18,138 INFO com.capgemini.managedepartmentservice.controller.DepartmentController [http-nio-8081-exec-6] view department by name has been accessed
2022-08-16 23:23:20,149 INFO com.capgemini.managedepartmentservice.controller.DepartmentController [http-nio-8081-exec-7] view all department has been accessed
2022-08-16 23:29:24,272 INFO com.capgemini.managedepartmentservice.controller.DepartmentController [http-nio-8081-exec-9] view all department has been accessed
2022-08-16 23:39:42,947 INFO com.capgemini.managedepartmentservice.controller.DepartmentController [http-nio-8081-exec-1] send rabbitmq notification has been accessed
2022-08-16 23:40:05,476 INFO com.capgemini.managedepartmentservice.controller.DepartmentController [http-nio-8081-exec-2] view all department has been accessed
2022-08-16 23:42:29,971 INFO com.capgemini.managedepartmentservice.controller.DepartmentController [http-nio-8081-exec-4] view all department has been accessed
2022-08-16 23:42:35,316 INFO com.capgemini.managedepartmentservice.controller.DepartmentController [http-nio-8081-exec-5] send rabbitmq notification has been accessed
