2022-08-12 00:46:44,302 INFO com.capgemini.managedepartmentservice.controller.DepartmentController [http-nio-8081-exec-9] send rabbitmq notification has been accessed
2022-08-12 00:46:45,081 INFO com.capgemini.managedepartmentservice.controller.DepartmentController [http-nio-8081-exec-10] send rabbitmq notification has been accessed
2022-08-12 00:46:50,187 INFO com.capgemini.managedepartmentservice.controller.DepartmentController [http-nio-8081-exec-1] send rabbitmq notification has been accessed
2022-08-12 00:46:50,196 INFO com.capgemini.managedepartmentservice.controller.DepartmentController [http-nio-8081-exec-2] send rabbitmq notification has been accessed
2022-08-12 00:48:33,939 INFO com.capgemini.managedepartmentservice.controller.DepartmentController [http-nio-8081-exec-4] send rabbitmq notification has been accessed
2022-08-12 00:48:34,027 INFO com.capgemini.managedepartmentservice.controller.DepartmentController [http-nio-8081-exec-5] send rabbitmq notification has been accessed
2022-08-12 00:49:53,251 INFO com.capgemini.managedepartmentservice.controller.DepartmentController [http-nio-8081-exec-7] send rabbitmq notification has been accessed
2022-08-12 00:50:08,809 INFO com.capgemini.managedepartmentservice.controller.DepartmentController [http-nio-8081-exec-8] send rabbitmq notification has been accessed
2022-08-12 00:50:08,825 INFO com.capgemini.managedepartmentservice.controller.DepartmentController [http-nio-8081-exec-9] send rabbitmq notification has been accessed
2022-08-12 00:52:04,839 INFO com.capgemini.managedepartmentservice.controller.DepartmentController [http-nio-8081-exec-1] send rabbitmq notification has been accessed
2022-08-12 00:52:12,941 INFO com.capgemini.managedepartmentservice.controller.DepartmentController [http-nio-8081-exec-2] send rabbitmq notification has been accessed
2022-08-12 00:52:12,979 INFO com.capgemini.managedepartmentservice.controller.DepartmentController [http-nio-8081-exec-2] send rabbitmq notification has been accessed
2022-08-12 00:52:16,266 INFO com.capgemini.managedepartmentservice.controller.DepartmentController [http-nio-8081-exec-3] send rabbitmq notification has been accessed
2022-08-12 00:52:16,307 INFO com.capgemini.managedepartmentservice.controller.DepartmentController [http-nio-8081-exec-4] send rabbitmq notification has been accessed
2022-08-12 00:52:26,495 INFO com.capgemini.managedepartmentservice.controller.DepartmentController [http-nio-8081-exec-5] send rabbitmq notification has been accessed
2022-08-12 00:52:26,506 INFO com.capgemini.managedepartmentservice.controller.DepartmentController [http-nio-8081-exec-6] send rabbitmq notification has been accessed
2022-08-12 00:52:43,781 INFO com.capgemini.managedepartmentservice.controller.DepartmentController [http-nio-8081-exec-7] send rabbitmq notification has been accessed
2022-08-12 00:52:43,786 INFO com.capgemini.managedepartmentservice.controller.DepartmentController [http-nio-8081-exec-8] send rabbitmq notification has been accessed
2022-08-12 03:21:11,322 INFO com.capgemini.managedepartmentservice.ManageDepartmentServiceApplication [main] Starting ManageDepartmentServiceApplication using Java 17.0.2 on Divyansh with PID 21592 (D:\Online Hotel Management System\manage-department-service\target\classes started by Divyansh Singh in D:\Online Hotel Management System\manage-department-service)
2022-08-12 03:21:11,340 INFO com.capgemini.managedepartmentservice.ManageDepartmentServiceApplication [main] No active profile set, falling back to 1 default profile: "default"
2022-08-12 03:21:23,523 INFO com.capgemini.managedepartmentservice.ManageDepartmentServiceApplication [main] Started ManageDepartmentServiceApplication in 13.091 seconds (JVM running for 15.018)
2022-08-12 03:21:30,408 INFO com.capgemini.managedepartmentservice.controller.DepartmentController [http-nio-8081-exec-2] view all department has been accessed
2022-08-12 03:21:30,857 INFO com.capgemini.managedepartmentservice.controller.DepartmentController [http-nio-8081-exec-1] view all department has been accessed
2022-08-12 03:33:15,221 INFO com.capgemini.managedepartmentservice.controller.DepartmentController [http-nio-8081-exec-4] view all department has been accessed
2022-08-12 03:33:15,246 INFO com.capgemini.managedepartmentservice.controller.DepartmentController [http-nio-8081-exec-5] view all department has been accessed
2022-08-12 08:48:08,911 INFO com.capgemini.managedepartmentservice.ManageDepartmentServiceApplication [main] Starting ManageDepartmentServiceApplication using Java 17.0.2 on Divyansh with PID 1376 (D:\Online Hotel Management System\manage-department-service\target\classes started by Divyansh Singh in D:\Online Hotel Management System\manage-department-service)
2022-08-12 08:48:08,920 INFO com.capgemini.managedepartmentservice.ManageDepartmentServiceApplication [main] No active profile set, falling back to 1 default profile: "default"
2022-08-12 08:48:24,099 INFO com.capgemini.managedepartmentservice.ManageDepartmentServiceApplication [main] Started ManageDepartmentServiceApplication in 16.024 seconds (JVM running for 17.644)
2022-08-12 08:57:22,749 INFO com.capgemini.managedepartmentservice.controller.DepartmentController [http-nio-8081-exec-1] view all department has been accessed
2022-08-12 08:57:24,298 INFO com.capgemini.managedepartmentservice.controller.DepartmentController [http-nio-8081-exec-2] view all department has been accessed
2022-08-12 09:34:52,938 INFO com.capgemini.managedepartmentservice.controller.DepartmentController [http-nio-8081-exec-6] send rabbitmq notification has been accessed
2022-08-12 09:34:53,210 INFO com.capgemini.managedepartmentservice.controller.DepartmentController [http-nio-8081-exec-7] send rabbitmq notification has been accessed
2022-08-12 10:20:48,430 INFO com.capgemini.managedepartmentservice.controller.DepartmentController [http-nio-8081-exec-5] view all department has been accessed
2022-08-12 10:20:49,536 INFO com.capgemini.managedepartmentservice.controller.DepartmentController [http-nio-8081-exec-8] view all department has been accessed
2022-08-12 10:21:01,874 INFO com.capgemini.managedepartmentservice.controller.DepartmentController [http-nio-8081-exec-9] view department by name has been accessed
2022-08-12 10:21:02,362 INFO com.capgemini.managedepartmentservice.controller.DepartmentController [http-nio-8081-exec-1] view department by name has been accessed
2022-08-12 10:21:07,669 INFO com.capgemini.managedepartmentservice.controller.DepartmentController [http-nio-8081-exec-2] view department by name has been accessed
2022-08-12 10:21:07,709 INFO com.capgemini.managedepartmentservice.controller.DepartmentController [http-nio-8081-exec-3] view department by name has been accessed
2022-08-12 10:21:24,782 INFO com.capgemini.managedepartmentservice.controller.DepartmentController [http-nio-8081-exec-6] send rabbitmq notification has been accessed
2022-08-12 10:21:24,791 INFO com.capgemini.managedepartmentservice.controller.DepartmentController [http-nio-8081-exec-7] send rabbitmq notification has been accessed
