2022-08-14 13:14:38,791 INFO com.capgemini.manageguestservice.ManageGuestServiceApplication [main] Starting ManageGuestServiceApplication using Java 17.0.2 on Divyansh with PID 20996 (D:\Online Hotel Management System\manage-guest-service\target\classes started by Divyansh Singh in D:\Online Hotel Management System\manage-guest-service)
2022-08-14 13:14:38,800 INFO com.capgemini.manageguestservice.ManageGuestServiceApplication [main] No active profile set, falling back to 1 default profile: "default"
2022-08-14 13:14:58,428 INFO com.capgemini.manageguestservice.ManageGuestServiceApplication [main] Started ManageGuestServiceApplication in 20.918 seconds (JVM running for 24.125)
2022-08-14 13:31:39,368 INFO com.capgemini.manageguestservice.controller.GuestController [http-nio-8088-exec-1] Add guest has been accessed
2022-08-14 13:45:51,299 INFO com.capgemini.manageguestservice.ManageGuestServiceApplication [main] Starting ManageGuestServiceApplication using Java 17.0.2 on Divyansh with PID 12192 (D:\Online Hotel Management System\manage-guest-service\target\classes started by Divyansh Singh in D:\Online Hotel Management System\manage-guest-service)
2022-08-14 13:45:51,302 INFO com.capgemini.manageguestservice.ManageGuestServiceApplication [main] No active profile set, falling back to 1 default profile: "default"
2022-08-14 13:45:58,818 INFO com.capgemini.manageguestservice.ManageGuestServiceApplication [main] Started ManageGuestServiceApplication in 8.163 seconds (JVM running for 9.239)
2022-08-14 13:46:01,917 INFO com.capgemini.manageguestservice.controller.GuestController [http-nio-8088-exec-2] view guest by id has been accessed
2022-08-14 13:46:01,987 INFO com.capgemini.manageguestservice.controller.GuestController [http-nio-8088-exec-1] view guest by id has been accessed
2022-08-14 13:51:13,752 INFO com.capgemini.manageguestservice.controller.GuestController [http-nio-8088-exec-3] view guest by id has been accessed
2022-08-14 13:51:24,256 INFO com.capgemini.manageguestservice.controller.GuestController [http-nio-8088-exec-5] view guest by id has been accessed
2022-08-14 13:51:24,266 INFO com.capgemini.manageguestservice.controller.GuestController [http-nio-8088-exec-6] view guest by id has been accessed
2022-08-14 13:52:53,772 INFO com.capgemini.manageguestservice.controller.GuestController [http-nio-8088-exec-9] view guest by id has been accessed
2022-08-14 14:02:24,593 INFO com.capgemini.manageguestservice.controller.GuestController [http-nio-8088-exec-10] view guest by id has been accessed
2022-08-14 14:02:24,613 INFO com.capgemini.manageguestservice.controller.GuestController [http-nio-8088-exec-2] view guest by id has been accessed
2022-08-14 14:07:46,752 INFO com.capgemini.manageguestservice.controller.GuestController [http-nio-8088-exec-4] view guest by id has been accessed
2022-08-14 14:07:46,762 INFO com.capgemini.manageguestservice.controller.GuestController [http-nio-8088-exec-3] view guest by id has been accessed
2022-08-14 14:07:51,326 INFO com.capgemini.manageguestservice.controller.GuestController [http-nio-8088-exec-5] view guest by id has been accessed
2022-08-14 14:07:51,342 INFO com.capgemini.manageguestservice.controller.GuestController [http-nio-8088-exec-6] view guest by id has been accessed
2022-08-14 14:07:54,284 INFO com.capgemini.manageguestservice.controller.GuestController [http-nio-8088-exec-7] view guest by id has been accessed
2022-08-14 14:07:54,303 INFO com.capgemini.manageguestservice.controller.GuestController [http-nio-8088-exec-9] view guest by id has been accessed
2022-08-14 14:08:46,388 INFO com.capgemini.manageguestservice.controller.GuestController [http-nio-8088-exec-5] view guest by id has been accessed
2022-08-14 14:08:46,408 INFO com.capgemini.manageguestservice.controller.GuestController [http-nio-8088-exec-6] view guest by id has been accessed
2022-08-14 14:10:53,784 INFO com.capgemini.manageguestservice.controller.GuestController [http-nio-8088-exec-9] view guest by id has been accessed
2022-08-14 14:10:58,469 INFO com.capgemini.manageguestservice.controller.GuestController [http-nio-8088-exec-8] view guest by id has been accessed
2022-08-14 14:10:58,485 INFO com.capgemini.manageguestservice.controller.GuestController [http-nio-8088-exec-10] view guest by id has been accessed
2022-08-14 14:12:40,748 INFO com.capgemini.manageguestservice.controller.GuestController [http-nio-8088-exec-2] view guest by id has been accessed
2022-08-14 14:12:51,350 INFO com.capgemini.manageguestservice.controller.GuestController [http-nio-8088-exec-1] view guest by id has been accessed
2022-08-14 14:12:52,811 INFO com.capgemini.manageguestservice.controller.GuestController [http-nio-8088-exec-4] view guest by id has been accessed
2022-08-14 14:13:09,118 INFO com.capgemini.manageguestservice.controller.GuestController [http-nio-8088-exec-3] view guest by id has been accessed
2022-08-14 14:13:31,367 INFO com.capgemini.manageguestservice.controller.GuestController [http-nio-8088-exec-5] Update guest has been accessed
2022-08-14 21:26:25,540 INFO com.capgemini.manageguestservice.ManageGuestServiceApplication [main] Starting ManageGuestServiceApplication using Java 17.0.2 on Divyansh with PID 3544 (D:\Online Hotel Management System\manage-guest-service\target\classes started by Divyansh Singh in D:\Online Hotel Management System\manage-guest-service)
2022-08-14 21:26:25,785 INFO com.capgemini.manageguestservice.ManageGuestServiceApplication [main] No active profile set, falling back to 1 default profile: "default"
2022-08-14 21:26:32,730 INFO com.capgemini.manageguestservice.ManageGuestServiceApplication [main] Started ManageGuestServiceApplication in 8.228 seconds (JVM running for 9.468)
2022-08-14 22:47:54,052 INFO com.capgemini.manageguestservice.controller.GuestController [http-nio-8088-exec-1] view guest by id has been accessed
2022-08-14 22:47:57,120 INFO com.capgemini.manageguestservice.controller.GuestController [http-nio-8088-exec-2] view guest by id has been accessed
2022-08-14 22:48:19,438 INFO com.capgemini.manageguestservice.controller.GuestController [http-nio-8088-exec-3] view guest by id has been accessed
2022-08-14 23:16:33,674 INFO com.capgemini.manageguestservice.controller.GuestController [http-nio-8088-exec-5] View guest by email has been accessed
2022-08-14 23:16:40,514 INFO com.capgemini.manageguestservice.controller.GuestController [http-nio-8088-exec-6] View guest by email has been accessed
