2022-08-13 12:48:21,804 INFO com.capgemini.manageroomservice.ManageRoomServiceApplication [main] Starting ManageRoomServiceApplication using Java 17.0.2 on Divyansh with PID 18984 (D:\Online Hotel Management System\manage-room-service\target\classes started by Divyansh Singh in D:\Online Hotel Management System\manage-room-service)
2022-08-13 12:48:21,811 INFO com.capgemini.manageroomservice.ManageRoomServiceApplication [main] No active profile set, falling back to 1 default profile: "default"
2022-08-13 12:48:34,334 INFO com.capgemini.manageroomservice.ManageRoomServiceApplication [main] Started ManageRoomServiceApplication in 13.899 seconds (JVM running for 15.747)
2022-08-13 13:04:36,863 INFO com.capgemini.manageroomservice.controller.RoomController [http-nio-8087-exec-1] Add room has been accessed
2022-08-13 13:32:13,202 INFO com.capgemini.manageroomservice.controller.RoomController [http-nio-8087-exec-3] View room by id has been accessed
2022-08-13 14:08:46,409 INFO com.capgemini.manageroomservice.controller.RoomController [http-nio-8087-exec-3] View room by id has been accessed
2022-08-13 14:08:47,254 INFO com.capgemini.manageroomservice.controller.RoomController [http-nio-8087-exec-4] View room by id has been accessed
2022-08-13 14:10:51,358 INFO com.capgemini.manageroomservice.controller.RoomController [http-nio-8087-exec-6] View room by id has been accessed
2022-08-13 14:10:51,366 INFO com.capgemini.manageroomservice.controller.RoomController [http-nio-8087-exec-7] View room by id has been accessed
2022-08-13 14:11:09,020 INFO com.capgemini.manageroomservice.controller.RoomController [http-nio-8087-exec-8] View room by id has been accessed
2022-08-13 14:11:09,048 INFO com.capgemini.manageroomservice.controller.RoomController [http-nio-8087-exec-9] View room by id has been accessed
2022-08-13 14:11:12,096 INFO com.capgemini.manageroomservice.controller.RoomController [http-nio-8087-exec-10] Delete room has been accessed
2022-08-13 14:11:42,459 INFO com.capgemini.manageroomservice.controller.RoomController [http-nio-8087-exec-1] View room by id has been accessed
2022-08-13 14:11:42,576 INFO com.capgemini.manageroomservice.controller.RoomController [http-nio-8087-exec-2] View room by id has been accessed
2022-08-13 14:11:51,310 INFO com.capgemini.manageroomservice.controller.RoomController [http-nio-8087-exec-3] View room by id has been accessed
2022-08-13 14:11:51,320 INFO com.capgemini.manageroomservice.controller.RoomController [http-nio-8087-exec-4] View room by id has been accessed
2022-08-13 14:12:10,241 INFO com.capgemini.manageroomservice.controller.RoomController [http-nio-8087-exec-5] View room by id has been accessed
2022-08-13 14:12:10,293 INFO com.capgemini.manageroomservice.controller.RoomController [http-nio-8087-exec-6] View room by id has been accessed
2022-08-13 14:21:47,660 INFO com.capgemini.manageroomservice.controller.RoomController [http-nio-8087-exec-8] View room by id has been accessed
2022-08-13 14:21:49,156 INFO com.capgemini.manageroomservice.controller.RoomController [http-nio-8087-exec-9] View room by id has been accessed
2022-08-13 14:22:02,025 INFO com.capgemini.manageroomservice.controller.RoomController [http-nio-8087-exec-10] View room by id has been accessed
2022-08-13 14:22:02,114 INFO com.capgemini.manageroomservice.controller.RoomController [http-nio-8087-exec-1] View room by id has been accessed
2022-08-13 14:22:04,397 INFO com.capgemini.manageroomservice.controller.RoomController [http-nio-8087-exec-2] View room by id has been accessed
2022-08-13 14:22:04,487 INFO com.capgemini.manageroomservice.controller.RoomController [http-nio-8087-exec-3] View room by id has been accessed
2022-08-13 14:22:19,149 INFO com.capgemini.manageroomservice.controller.RoomController [http-nio-8087-exec-4] Update room has been accessed
2022-08-13 14:22:57,768 INFO com.capgemini.manageroomservice.controller.RoomController [http-nio-8087-exec-5] View room by id has been accessed
2022-08-13 14:22:57,795 INFO com.capgemini.manageroomservice.controller.RoomController [http-nio-8087-exec-6] View room by id has been accessed
2022-08-13 14:22:59,805 INFO com.capgemini.manageroomservice.controller.RoomController [http-nio-8087-exec-7] View room by id has been accessed
2022-08-13 14:22:59,860 INFO com.capgemini.manageroomservice.controller.RoomController [http-nio-8087-exec-8] View room by id has been accessed
2022-08-13 14:23:59,411 INFO com.capgemini.manageroomservice.controller.RoomController [http-nio-8087-exec-9] View room by id has been accessed
2022-08-13 14:24:47,692 INFO com.capgemini.manageroomservice.controller.RoomController [http-nio-8087-exec-10] View room by id has been accessed
2022-08-13 14:24:47,726 INFO com.capgemini.manageroomservice.controller.RoomController [http-nio-8087-exec-1] View room by id has been accessed
2022-08-13 14:28:50,029 INFO com.capgemini.manageroomservice.controller.RoomController [http-nio-8087-exec-3] View room by id has been accessed
2022-08-13 14:28:50,056 INFO com.capgemini.manageroomservice.controller.RoomController [http-nio-8087-exec-4] View room by id has been accessed
2022-08-13 14:28:51,869 INFO com.capgemini.manageroomservice.controller.RoomController [http-nio-8087-exec-5] View room by id has been accessed
2022-08-13 14:28:51,920 INFO com.capgemini.manageroomservice.controller.RoomController [http-nio-8087-exec-6] View room by id has been accessed
2022-08-13 14:28:56,770 INFO com.capgemini.manageroomservice.controller.RoomController [http-nio-8087-exec-7] View room by id has been accessed
2022-08-13 14:48:46,247 INFO com.capgemini.manageroomservice.controller.RoomController [http-nio-8087-exec-10] set room rates has been accessed
2022-08-13 21:59:54,548 INFO com.capgemini.manageroomservice.controller.SearchController [http-nio-8087-exec-2] Search room has been accessed
2022-08-13 22:05:00,302 INFO com.capgemini.manageroomservice.controller.RoomController [http-nio-8087-exec-7] View room by id has been accessed
2022-08-13 22:05:00,942 INFO com.capgemini.manageroomservice.controller.RoomController [http-nio-8087-exec-8] View room by id has been accessed
2022-08-13 22:07:42,650 INFO com.capgemini.manageroomservice.controller.RoomController [http-nio-8087-exec-10] View room by id has been accessed
2022-08-13 22:07:47,145 INFO com.capgemini.manageroomservice.controller.RoomController [http-nio-8087-exec-1] View room by id has been accessed
2022-08-13 22:07:47,372 INFO com.capgemini.manageroomservice.controller.RoomController [http-nio-8087-exec-2] View room by id has been accessed
2022-08-13 22:22:58,238 INFO com.capgemini.manageroomservice.controller.SearchController [http-nio-8087-exec-6] Search room has been accessed
2022-08-13 22:23:02,863 INFO com.capgemini.manageroomservice.controller.SearchController [http-nio-8087-exec-7] Search room has been accessed
2022-08-13 22:30:21,607 INFO com.capgemini.manageroomservice.controller.SearchController [http-nio-8087-exec-2] Search room has been accessed
2022-08-13 22:30:28,922 INFO com.capgemini.manageroomservice.controller.SearchController [http-nio-8087-exec-3] Search room has been accessed
2022-08-13 22:30:49,832 INFO com.capgemini.manageroomservice.controller.SearchController [http-nio-8087-exec-4] Search room has been accessed
2022-08-13 22:31:07,159 INFO com.capgemini.manageroomservice.controller.SearchController [http-nio-8087-exec-5] Search room has been accessed
2022-08-13 23:21:31,396 INFO com.capgemini.manageroomservice.controller.RoomController [http-nio-8087-exec-5] Add room has been accessed
